2015-08-24 12:07:42,606: Working dir set to /homes/eva/q/qnathans/topic-classification/train_nn.dir
2015-08-24 12:07:42,606: Loading input vectors
2015-08-24 12:07:42,844: Loading output vectors
2015-08-24 12:07:43,059: Estimating mean and std at the NN input
2015-08-24 12:07:43,061: Creating and initializing NN
2015-08-24 12:07:43,569: Training model: 400->1200->40
learning rate: 0.008000
mini batch size: 80
max iters: 100 tolerance: 0.003000
2015-08-24 12:07:43,570: Training epoch: 1, learning rate: 0.008000
2015-08-24 12:07:43,672: 1240 | 3.227175 | 0.204032
2015-08-24 12:07:43,673: Evaluating on CV
2015-08-24 12:07:43,688: 138 | 2.525050 | 0.485507
2015-08-24 12:07:43,688: Training epoch: 2, learning rate: 0.008000
2015-08-24 12:07:43,764: 1240 | 2.062343 | 0.595161
2015-08-24 12:07:43,764: Evaluating on CV
2015-08-24 12:07:43,779: 138 | 1.900782 | 0.659420
2015-08-24 12:07:43,780: Training epoch: 3, learning rate: 0.008000
2015-08-24 12:07:43,856: 1240 | 1.371017 | 0.781452
2015-08-24 12:07:43,857: Evaluating on CV
2015-08-24 12:07:43,872: 138 | 1.540884 | 0.731884
2015-08-24 12:07:43,872: Training epoch: 4, learning rate: 0.008000
2015-08-24 12:07:43,958: 1240 | 0.954343 | 0.863710
2015-08-24 12:07:43,958: Evaluating on CV
2015-08-24 12:07:43,973: 138 | 1.314840 | 0.731884
2015-08-24 12:07:43,974: Training epoch: 5, learning rate: 0.008000
2015-08-24 12:07:44,051: 1240 | 0.692327 | 0.912903
2015-08-24 12:07:44,051: Evaluating on CV
2015-08-24 12:07:44,067: 138 | 1.171245 | 0.731884
2015-08-24 12:07:44,067: Training epoch: 6, learning rate: 0.008000
2015-08-24 12:07:44,142: 1240 | 0.517336 | 0.947581
2015-08-24 12:07:44,142: Evaluating on CV
2015-08-24 12:07:44,157: 138 | 1.081159 | 0.746377
2015-08-24 12:07:44,157: Training epoch: 7, learning rate: 0.008000
2015-08-24 12:07:44,240: 1240 | 0.396334 | 0.968548
2015-08-24 12:07:44,240: Evaluating on CV
2015-08-24 12:07:44,262: 138 | 1.017251 | 0.753623
2015-08-24 12:07:44,263: Training epoch: 8, learning rate: 0.008000
2015-08-24 12:07:44,347: 1240 | 0.309972 | 0.983871
2015-08-24 12:07:44,348: Evaluating on CV
2015-08-24 12:07:44,369: 138 | 0.971333 | 0.746377
2015-08-24 12:07:44,369: Training epoch: 9, learning rate: 0.008000
2015-08-24 12:07:44,447: 1240 | 0.247564 | 0.988710
2015-08-24 12:07:44,447: Evaluating on CV
2015-08-24 12:07:44,463: 138 | 0.935898 | 0.746377
2015-08-24 12:07:44,463: Training epoch: 10, learning rate: 0.008000
2015-08-24 12:07:44,538: 1240 | 0.201253 | 0.991129
2015-08-24 12:07:44,538: Evaluating on CV
2015-08-24 12:07:44,553: 138 | 0.911014 | 0.753623
2015-08-24 12:07:44,554: Training epoch: 11, learning rate: 0.008000
2015-08-24 12:07:44,635: 1240 | 0.166483 | 0.995161
2015-08-24 12:07:44,635: Evaluating on CV
2015-08-24 12:07:44,666: 138 | 0.887963 | 0.760870
2015-08-24 12:07:44,667: Training epoch: 12, learning rate: 0.008000
2015-08-24 12:07:44,750: 1240 | 0.139361 | 0.996774
2015-08-24 12:07:44,751: Evaluating on CV
2015-08-24 12:07:44,769: 138 | 0.868788 | 0.760870
2015-08-24 12:07:44,769: Training epoch: 13, learning rate: 0.008000
2015-08-24 12:07:44,884: 1240 | 0.118818 | 0.996774
2015-08-24 12:07:44,884: Evaluating on CV
2015-08-24 12:07:44,900: 138 | 0.852050 | 0.768116
2015-08-24 12:07:44,900: Training epoch: 14, learning rate: 0.008000
2015-08-24 12:07:44,985: 1240 | 0.102575 | 0.997581
2015-08-24 12:07:44,985: Evaluating on CV
2015-08-24 12:07:45,001: 138 | 0.840210 | 0.768116
2015-08-24 12:07:45,001: Training epoch: 15, learning rate: 0.008000
2015-08-24 12:07:45,081: 1240 | 0.089887 | 0.999194
2015-08-24 12:07:45,081: Evaluating on CV
2015-08-24 12:07:45,109: 138 | 0.831445 | 0.768116
2015-08-24 12:07:45,109: Training epoch: 16, learning rate: 0.008000
2015-08-24 12:07:45,193: 1240 | 0.079210 | 0.999194
2015-08-24 12:07:45,194: Evaluating on CV
2015-08-24 12:07:45,210: 138 | 0.822022 | 0.768116
2015-08-24 12:07:45,210: Training epoch: 17, learning rate: 0.008000
2015-08-24 12:07:45,291: 1240 | 0.070620 | 1.000000
2015-08-24 12:07:45,291: Evaluating on CV
2015-08-24 12:07:45,309: 138 | 0.814568 | 0.768116
2015-08-24 12:07:45,309: Training epoch: 18, learning rate: 0.008000
2015-08-24 12:07:45,433: 1240 | 0.063518 | 1.000000
2015-08-24 12:07:45,435: Evaluating on CV
2015-08-24 12:07:45,468: 138 | 0.807006 | 0.775362
2015-08-24 12:07:45,469: Training epoch: 19, learning rate: 0.008000
2015-08-24 12:07:45,593: 1240 | 0.057494 | 1.000000
2015-08-24 12:07:45,593: Evaluating on CV
2015-08-24 12:07:45,608: 138 | 0.801052 | 0.775362
2015-08-24 12:07:45,609: Training epoch: 20, learning rate: 0.008000
2015-08-24 12:07:45,683: 1240 | 0.052487 | 1.000000
2015-08-24 12:07:45,683: Evaluating on CV
2015-08-24 12:07:45,699: 138 | 0.795505 | 0.775362
2015-08-24 12:07:45,699: Training epoch: 21, learning rate: 0.008000
2015-08-24 12:07:45,772: 1240 | 0.048170 | 1.000000
2015-08-24 12:07:45,773: Evaluating on CV
2015-08-24 12:07:45,788: 138 | 0.791151 | 0.775362
2015-08-24 12:07:45,788: Training epoch: 22, learning rate: 0.008000
2015-08-24 12:07:45,861: 1240 | 0.044485 | 1.000000
2015-08-24 12:07:45,861: Evaluating on CV
2015-08-24 12:07:45,877: 138 | 0.787260 | 0.775362
2015-08-24 12:07:45,877: Training epoch: 23, learning rate: 0.008000
2015-08-24 12:07:45,950: 1240 | 0.041268 | 1.000000
2015-08-24 12:07:45,950: Evaluating on CV
2015-08-24 12:07:45,965: 138 | 0.783153 | 0.775362
2015-08-24 12:07:45,966: Training epoch: 24, learning rate: 0.008000
2015-08-24 12:07:46,039: 1240 | 0.038472 | 1.000000
2015-08-24 12:07:46,039: Evaluating on CV
2015-08-24 12:07:46,055: 138 | 0.779831 | 0.775362
2015-08-24 12:07:46,055: Training epoch: 25, learning rate: 0.008000
2015-08-24 12:07:46,129: 1240 | 0.035979 | 1.000000
2015-08-24 12:07:46,129: Evaluating on CV
2015-08-24 12:07:46,145: 138 | 0.776719 | 0.775362
2015-08-24 12:07:46,145: Training epoch: 26, learning rate: 0.008000
2015-08-24 12:07:46,221: 1240 | 0.033773 | 1.000000
2015-08-24 12:07:46,221: Evaluating on CV
2015-08-24 12:07:46,237: 138 | 0.773537 | 0.775362
2015-08-24 12:07:46,237: Training epoch: 27, learning rate: 0.008000
2015-08-24 12:07:46,313: 1240 | 0.031839 | 1.000000
2015-08-24 12:07:46,313: Evaluating on CV
2015-08-24 12:07:46,329: 138 | 0.771139 | 0.775362
2015-08-24 12:07:46,329: Training epoch: 28, learning rate: 0.008000
2015-08-24 12:07:46,404: 1240 | 0.030086 | 1.000000
2015-08-24 12:07:46,404: Evaluating on CV
2015-08-24 12:07:46,425: 138 | 0.768787 | 0.775362
2015-08-24 12:07:46,426: Training epoch: 29, learning rate: 0.008000
2015-08-24 12:07:46,502: 1240 | 0.028483 | 1.000000
2015-08-24 12:07:46,502: Evaluating on CV
2015-08-24 12:07:46,518: 138 | 0.766826 | 0.775362
2015-08-24 12:07:46,519: Training epoch: 30, learning rate: 0.004000
2015-08-24 12:07:46,594: 1240 | 0.027057 | 1.000000
2015-08-24 12:07:46,595: Evaluating on CV
2015-08-24 12:07:46,610: 138 | 0.765814 | 0.775362
2015-08-24 12:09:56,755: Working dir set to /homes/eva/q/qnathans/topic-classification/train_nn.dir
2015-08-24 12:09:56,755: Loading input vectors
2015-08-24 12:09:57,056: Loading output vectors
2015-08-24 12:09:57,297: Estimating mean and std at the NN input
2015-08-24 12:09:57,300: Creating and initializing NN
2015-08-24 12:09:58,162: Training model: 400->1200->1200->40
learning rate: 0.008000
mini batch size: 80
max iters: 100 tolerance: 0.003000
2015-08-24 12:09:58,162: Training epoch: 1, learning rate: 0.008000
2015-08-24 12:09:58,351: 1240 | 3.642641 | 0.067742
2015-08-24 12:09:58,351: Evaluating on CV
2015-08-24 12:09:58,395: 138 | 3.559542 | 0.101449
2015-08-24 12:09:58,398: Training epoch: 2, learning rate: 0.008000
2015-08-24 12:09:58,575: 1240 | 3.563296 | 0.091129
2015-08-24 12:09:58,575: Evaluating on CV
2015-08-24 12:09:58,620: 138 | 3.493262 | 0.101449
2015-08-24 12:09:58,623: Training epoch: 3, learning rate: 0.008000
2015-08-24 12:09:58,801: 1240 | 3.522285 | 0.100000
2015-08-24 12:09:58,801: Evaluating on CV
2015-08-24 12:09:58,847: 138 | 3.457348 | 0.108696
2015-08-24 12:09:58,848: Training epoch: 4, learning rate: 0.008000
2015-08-24 12:09:59,027: 1240 | 3.495543 | 0.104032
2015-08-24 12:09:59,027: Evaluating on CV
2015-08-24 12:09:59,074: 138 | 3.434087 | 0.108696
2015-08-24 12:09:59,076: Training epoch: 5, learning rate: 0.008000
2015-08-24 12:09:59,262: 1240 | 3.475160 | 0.104032
2015-08-24 12:09:59,263: Evaluating on CV
2015-08-24 12:09:59,310: 138 | 3.415903 | 0.130435
2015-08-24 12:09:59,311: Training epoch: 6, learning rate: 0.008000
2015-08-24 12:09:59,536: 1240 | 3.456342 | 0.121774
2015-08-24 12:09:59,536: Evaluating on CV
2015-08-24 12:09:59,589: 138 | 3.396921 | 0.130435
2015-08-24 12:09:59,591: Training epoch: 7, learning rate: 0.008000
2015-08-24 12:09:59,771: 1240 | 3.437102 | 0.117742
2015-08-24 12:09:59,771: Evaluating on CV
2015-08-24 12:09:59,816: 138 | 3.381039 | 0.137681
2015-08-24 12:09:59,818: Training epoch: 8, learning rate: 0.008000
2015-08-24 12:10:00,021: 1240 | 3.416159 | 0.162903
2015-08-24 12:10:00,022: Evaluating on CV
2015-08-24 12:10:00,074: 138 | 3.361899 | 0.144928
2015-08-24 12:10:00,076: Training epoch: 9, learning rate: 0.008000
2015-08-24 12:10:00,265: 1240 | 3.394745 | 0.150806
2015-08-24 12:10:00,266: Evaluating on CV
2015-08-24 12:10:00,328: 138 | 3.343146 | 0.166667
2015-08-24 12:10:00,330: Training epoch: 10, learning rate: 0.008000
2015-08-24 12:10:00,528: 1240 | 3.368433 | 0.158871
2015-08-24 12:10:00,529: Evaluating on CV
2015-08-24 12:10:00,576: 138 | 3.318879 | 0.173913
2015-08-24 12:10:00,578: Training epoch: 11, learning rate: 0.008000
2015-08-24 12:10:00,763: 1240 | 3.335597 | 0.193548
2015-08-24 12:10:00,763: Evaluating on CV
2015-08-24 12:10:00,824: 138 | 3.289214 | 0.202899
2015-08-24 12:10:00,825: Training epoch: 12, learning rate: 0.008000
2015-08-24 12:10:01,042: 1240 | 3.292462 | 0.233871
2015-08-24 12:10:01,042: Evaluating on CV
2015-08-24 12:10:01,139: 138 | 3.245695 | 0.181159
2015-08-24 12:10:01,141: Training epoch: 13, learning rate: 0.008000
2015-08-24 12:10:01,326: 1240 | 3.230925 | 0.200806
2015-08-24 12:10:01,331: Evaluating on CV
2015-08-24 12:10:01,380: 138 | 3.181292 | 0.253623
2015-08-24 12:10:01,382: Training epoch: 14, learning rate: 0.008000
2015-08-24 12:10:01,553: 1240 | 3.141371 | 0.257258
2015-08-24 12:10:01,553: Evaluating on CV
2015-08-24 12:10:01,599: 138 | 3.085464 | 0.268116
2015-08-24 12:10:01,600: Training epoch: 15, learning rate: 0.008000
2015-08-24 12:10:01,758: 1240 | 3.027903 | 0.297581
2015-08-24 12:10:01,758: Evaluating on CV
2015-08-24 12:10:01,803: 138 | 2.972166 | 0.304348
2015-08-24 12:10:01,804: Training epoch: 16, learning rate: 0.008000
2015-08-24 12:10:01,963: 1240 | 2.895693 | 0.346774
2015-08-24 12:10:01,963: Evaluating on CV
2015-08-24 12:10:02,007: 138 | 2.847454 | 0.333333
2015-08-24 12:10:02,008: Training epoch: 17, learning rate: 0.008000
2015-08-24 12:10:02,167: 1240 | 2.735698 | 0.382258
2015-08-24 12:10:02,167: Evaluating on CV
2015-08-24 12:10:02,212: 138 | 2.695203 | 0.391304
2015-08-24 12:10:02,213: Training epoch: 18, learning rate: 0.008000
2015-08-24 12:10:02,403: 1240 | 2.546133 | 0.434677
2015-08-24 12:10:02,403: Evaluating on CV
2015-08-24 12:10:02,451: 138 | 2.526797 | 0.449275
2015-08-24 12:10:02,452: Training epoch: 19, learning rate: 0.008000
2015-08-24 12:10:02,633: 1240 | 2.342388 | 0.481452
2015-08-24 12:10:02,633: Evaluating on CV
2015-08-24 12:10:02,686: 138 | 2.365404 | 0.507246
2015-08-24 12:10:02,687: Training epoch: 20, learning rate: 0.008000
2015-08-24 12:10:02,873: 1240 | 2.131301 | 0.547581
2015-08-24 12:10:02,874: Evaluating on CV
2015-08-24 12:10:02,923: 138 | 2.200886 | 0.528986
2015-08-24 12:10:02,925: Training epoch: 21, learning rate: 0.008000
2015-08-24 12:10:03,113: 1240 | 1.922743 | 0.597581
2015-08-24 12:10:03,114: Evaluating on CV
2015-08-24 12:10:03,176: 138 | 2.046415 | 0.586957
2015-08-24 12:10:03,178: Training epoch: 22, learning rate: 0.008000
2015-08-24 12:10:03,352: 1240 | 1.724794 | 0.632258
2015-08-24 12:10:03,352: Evaluating on CV
2015-08-24 12:10:03,398: 138 | 1.891338 | 0.594203
2015-08-24 12:10:03,399: Training epoch: 23, learning rate: 0.008000
2015-08-24 12:10:03,590: 1240 | 1.539729 | 0.687097
2015-08-24 12:10:03,591: Evaluating on CV
2015-08-24 12:10:03,643: 138 | 1.755875 | 0.630435
2015-08-24 12:10:03,645: Training epoch: 24, learning rate: 0.008000
2015-08-24 12:10:03,818: 1240 | 1.364349 | 0.724194
2015-08-24 12:10:03,819: Evaluating on CV
2015-08-24 12:10:03,866: 138 | 1.625677 | 0.637681
2015-08-24 12:10:03,867: Training epoch: 25, learning rate: 0.008000
2015-08-24 12:10:04,064: 1240 | 1.209736 | 0.759677
2015-08-24 12:10:04,064: Evaluating on CV
2015-08-24 12:10:04,112: 138 | 1.522656 | 0.659420
2015-08-24 12:10:04,113: Training epoch: 26, learning rate: 0.008000
2015-08-24 12:10:04,381: 1240 | 1.071304 | 0.786290
2015-08-24 12:10:04,381: Evaluating on CV
2015-08-24 12:10:04,431: 138 | 1.417927 | 0.681159
2015-08-24 12:10:04,432: Training epoch: 27, learning rate: 0.008000
2015-08-24 12:10:04,605: 1240 | 0.947860 | 0.812097
2015-08-24 12:10:04,606: Evaluating on CV
2015-08-24 12:10:04,653: 138 | 1.321338 | 0.695652
2015-08-24 12:10:04,655: Training epoch: 28, learning rate: 0.008000
2015-08-24 12:10:04,813: 1240 | 0.834647 | 0.840323
2015-08-24 12:10:04,813: Evaluating on CV
2015-08-24 12:10:04,861: 138 | 1.263137 | 0.717391
2015-08-24 12:10:04,862: Training epoch: 29, learning rate: 0.008000
2015-08-24 12:10:05,020: 1240 | 0.740960 | 0.858065
2015-08-24 12:10:05,020: Evaluating on CV
2015-08-24 12:10:05,067: 138 | 1.205935 | 0.724638
2015-08-24 12:10:05,069: Training epoch: 30, learning rate: 0.008000
2015-08-24 12:10:05,226: 1240 | 0.653768 | 0.880645
2015-08-24 12:10:05,227: Evaluating on CV
2015-08-24 12:10:05,274: 138 | 1.141260 | 0.739130
2015-08-24 12:10:05,275: Training epoch: 31, learning rate: 0.008000
2015-08-24 12:10:05,439: 1240 | 0.577734 | 0.892742
2015-08-24 12:10:05,439: Evaluating on CV
2015-08-24 12:10:05,487: 138 | 1.106669 | 0.753623
2015-08-24 12:10:05,488: Training epoch: 32, learning rate: 0.008000
2015-08-24 12:10:05,670: 1240 | 0.509238 | 0.909677
2015-08-24 12:10:05,671: Evaluating on CV
2015-08-24 12:10:05,719: 138 | 1.073378 | 0.753623
2015-08-24 12:10:05,721: Training epoch: 33, learning rate: 0.008000
2015-08-24 12:10:05,895: 1240 | 0.447712 | 0.927419
2015-08-24 12:10:05,895: Evaluating on CV
2015-08-24 12:10:05,959: 138 | 1.045703 | 0.753623
2015-08-24 12:10:05,961: Training epoch: 34, learning rate: 0.008000
2015-08-24 12:10:06,136: 1240 | 0.397260 | 0.938710
2015-08-24 12:10:06,136: Evaluating on CV
2015-08-24 12:10:06,185: 138 | 1.008259 | 0.775362
2015-08-24 12:10:06,186: Training epoch: 35, learning rate: 0.008000
2015-08-24 12:10:06,386: 1240 | 0.350767 | 0.945161
2015-08-24 12:10:06,386: Evaluating on CV
2015-08-24 12:10:06,437: 138 | 0.993894 | 0.760870
2015-08-24 12:10:06,438: Training epoch: 36, learning rate: 0.008000
2015-08-24 12:10:06,621: 1240 | 0.309582 | 0.961290
2015-08-24 12:10:06,622: Evaluating on CV
2015-08-24 12:10:06,693: 138 | 0.972778 | 0.760870
2015-08-24 12:10:06,695: Training epoch: 37, learning rate: 0.008000
2015-08-24 12:10:06,909: 1240 | 0.275413 | 0.970161
2015-08-24 12:10:06,909: Evaluating on CV
2015-08-24 12:10:06,956: 138 | 0.956696 | 0.753623
2015-08-24 12:10:06,958: Training epoch: 38, learning rate: 0.008000
2015-08-24 12:10:07,141: 1240 | 0.244207 | 0.976613
2015-08-24 12:10:07,141: Evaluating on CV
2015-08-24 12:10:07,197: 138 | 0.940911 | 0.775362
2015-08-24 12:10:07,199: Training epoch: 39, learning rate: 0.008000
2015-08-24 12:10:07,384: 1240 | 0.217101 | 0.982258
2015-08-24 12:10:07,384: Evaluating on CV
2015-08-24 12:10:07,488: 138 | 0.927280 | 0.775362
2015-08-24 12:10:07,492: Training epoch: 40, learning rate: 0.008000
2015-08-24 12:10:07,695: 1240 | 0.193460 | 0.983871
2015-08-24 12:10:07,696: Evaluating on CV
2015-08-24 12:10:07,743: 138 | 0.918028 | 0.768116
2015-08-24 12:10:07,744: Training epoch: 41, learning rate: 0.008000
2015-08-24 12:10:07,902: 1240 | 0.172812 | 0.985484
2015-08-24 12:10:07,902: Evaluating on CV
2015-08-24 12:10:07,950: 138 | 0.918565 | 0.782609
2015-08-24 12:10:07,953: Training epoch: 42, learning rate: 0.004000
2015-08-24 12:10:08,111: 1240 | 0.172216 | 0.987097
2015-08-24 12:10:08,111: Evaluating on CV
2015-08-24 12:10:08,159: 138 | 0.916093 | 0.789855
